TN:
SF:/home/manolo/Node Packages/rblob/main.js
FN:11,(anonymous_1)
FN:31,(anonymous_2)
FN:38,(anonymous_3)
FN:45,(anonymous_4)
FN:51,(anonymous_5)
FN:55,(anonymous_6)
FN:59,(anonymous_7)
FN:64,(anonymous_8)
FN:68,onMessage
FNF:9
FNH:9
FNDA:4,(anonymous_1)
FNDA:3,(anonymous_2)
FNDA:2,(anonymous_3)
FNDA:1,(anonymous_4)
FNDA:3,(anonymous_5)
FNDA:3,(anonymous_6)
FNDA:2,(anonymous_7)
FNDA:2,(anonymous_8)
FNDA:3,onMessage
DA:1,1
DA:13,4
DA:15,2
DA:16,1
DA:17,1
DA:20,1
DA:21,1
DA:22,1
DA:24,2
DA:26,3
DA:27,3
DA:32,3
DA:33,3
DA:34,1
DA:35,3
DA:39,2
DA:40,2
DA:41,1
DA:42,2
DA:46,1
DA:47,1
DA:48,1
DA:52,3
DA:56,3
DA:60,2
DA:61,2
DA:64,2
DA:68,1
DA:69,3
DA:71,3
DA:72,3
DA:74,3
DA:75,2
DA:76,1
DA:83,1
LF:35
LH:35
BRDA:13,1,0,2
BRDA:13,1,1,2
BRDA:15,2,0,1
BRDA:15,2,1,1
BRDA:15,3,0,2
BRDA:15,3,1,2
BRDA:16,4,0,1
BRDA:16,4,1,1
BRDA:33,5,0,2
BRDA:33,5,1,1
BRDA:40,6,0,1
BRDA:40,6,1,1
BRDA:60,7,0,1
BRDA:60,7,1,1
BRDA:71,8,0,0
BRDA:71,8,1,3
BRDA:71,9,0,3
BRDA:71,9,1,3
BRDA:71,9,2,3
BRDA:74,10,0,2
BRDA:74,10,1,1
BRF:21
BRH:20
end_of_record
TN:
SF:/home/manolo/Node Packages/rblob/browser.js
FN:7,(anonymous_1)
FN:19,(anonymous_2)
FN:29,(anonymous_3)
FN:37,onLoad
FNF:4
FNH:4
FNDA:1,(anonymous_1)
FNDA:4,(anonymous_2)
FNDA:2,(anonymous_3)
FNDA:4,onLoad
DA:1,1
DA:9,1
DA:15,1
DA:20,4
DA:23,4
DA:24,4
DA:25,4
DA:26,4
DA:30,2
DA:31,2
DA:32,2
DA:37,1
DA:38,4
DA:43,1
LF:14
LH:14
BRF:0
BRH:0
end_of_record
